#! /c/Source/iverilog-install/bin/vvp
:ivl_version "12.0 (devel)" "(s20150603-1539-g2693dd32b)";
:ivl_delay_selection "TYPICAL";
:vpi_time_precision + 0;
:vpi_module "E:\verilog_tools\iverilog\lib\ivl\system.vpi";
:vpi_module "E:\verilog_tools\iverilog\lib\ivl\vhdl_sys.vpi";
:vpi_module "E:\verilog_tools\iverilog\lib\ivl\vhdl_textio.vpi";
:vpi_module "E:\verilog_tools\iverilog\lib\ivl\v2005_math.vpi";
:vpi_module "E:\verilog_tools\iverilog\lib\ivl\va_math.vpi";
S_0000024e1acf4200 .scope module, "tb" "tb" 2 1;
 .timescale 0 0;
v0000024e1ad6f4f0_0 .var "clk", 0 0;
v0000024e1ad70850_0 .var "rst", 0 0;
v0000024e1ad6f590_0 .var "rx_serial", 0 0;
v0000024e1ad6ff90_0 .net "tx_serial", 0 0, v0000024e1ad6fef0_0;  1 drivers
S_0000024e1acf6f70 .scope task, "send_byte" "send_byte" 2 18, 2 18 0, S_0000024e1acf4200;
 .timescale 0 0;
v0000024e1acf4390_0 .var "data", 7 0;
v0000024e1acf4560_0 .var/i "i", 31 0;
TD_tb.send_byte ;
    %pushi/vec4 0, 0, 1;
    %store/vec4 v0000024e1ad6f590_0, 0, 1;
    %delay 870, 0;
    %pushi/vec4 0, 0, 32;
    %store/vec4 v0000024e1acf4560_0, 0, 32;
T_0.0 ;
    %load/vec4 v0000024e1acf4560_0;
    %cmpi/s 8, 0, 32;
    %jmp/0xz T_0.1, 5;
    %load/vec4 v0000024e1acf4390_0;
    %load/vec4 v0000024e1acf4560_0;
    %part/s 1;
    %store/vec4 v0000024e1ad6f590_0, 0, 1;
    %delay 870, 0;
    %load/vec4 v0000024e1acf4560_0;
    %addi 1, 0, 32;
    %store/vec4 v0000024e1acf4560_0, 0, 32;
    %jmp T_0.0;
T_0.1 ;
    %pushi/vec4 1, 0, 1;
    %store/vec4 v0000024e1ad6f590_0, 0, 1;
    %delay 870, 0;
    %end;
S_0000024e1acf7100 .scope module, "uut" "uart_fifo_top" 2 8, 3 1 0, S_0000024e1acf4200;
 .timescale 0 0;
    .port_info 0 /INPUT 1 "clk";
    .port_info 1 /INPUT 1 "rst";
    .port_info 2 /INPUT 1 "rx_serial";
    .port_info 3 /OUTPUT 1 "tx_serial";
v0000024e1ad6f6d0_0 .net "clk", 0 0, v0000024e1ad6f4f0_0;  1 drivers
v0000024e1ad70b70_0 .net "fifo_empty", 0 0, L_0000024e1ad6fa90;  1 drivers
v0000024e1ad702b0_0 .net "fifo_out", 7 0, v0000024e1ad6d260_0;  1 drivers
v0000024e1ad6f8b0_0 .net "rst", 0 0, v0000024e1ad70850_0;  1 drivers
v0000024e1ad6f9f0_0 .net "rx_data", 7 0, v0000024e1ad6d4e0_0;  1 drivers
v0000024e1ad70c10_0 .net "rx_done", 0 0, v0000024e1ad6d940_0;  1 drivers
v0000024e1ad70990_0 .net "rx_serial", 0 0, v0000024e1ad6f590_0;  1 drivers
v0000024e1ad6fc70_0 .net "tx_serial", 0 0, v0000024e1ad6fef0_0;  alias, 1 drivers
L_0000024e1ad708f0 .reduce/nor L_0000024e1ad6fa90;
L_0000024e1ad70ad0 .reduce/nor L_0000024e1ad6fa90;
S_0000024e1ad17130 .scope module, "f" "fifo" 3 21, 4 1 0, S_0000024e1acf7100;
 .timescale 0 0;
    .port_info 0 /INPUT 1 "clk";
    .port_info 1 /INPUT 1 "rst";
    .port_info 2 /INPUT 1 "wr_en";
    .port_info 3 /INPUT 1 "rd_en";
    .port_info 4 /INPUT 8 "data_in";
    .port_info 5 /OUTPUT 8 "data_out";
    .port_info 6 /OUTPUT 1 "full";
    .port_info 7 /OUTPUT 1 "empty";
P_0000024e1acf2890 .param/l "DEPTH" 0 4 1, +C4<00000000000000000000000000010000>;
v0000024e1acf7290_0 .net *"_ivl_0", 31 0, L_0000024e1ad6fdb0;  1 drivers
L_0000024e1adb0118 .functor BUFT 1, C4<000000000000000000000000000>, C4<0>, C4<0>, C4<0>;
v0000024e1acf7330_0 .net *"_ivl_11", 26 0, L_0000024e1adb0118;  1 drivers
L_0000024e1adb0160 .functor BUFT 1, C4<00000000000000000000000000000000>, C4<0>, C4<0>, C4<0>;
v0000024e1ad172c0_0 .net/2u *"_ivl_12", 31 0, L_0000024e1adb0160;  1 drivers
L_0000024e1adb0088 .functor BUFT 1, C4<000000000000000000000000000>, C4<0>, C4<0>, C4<0>;
v0000024e1ad17360_0 .net *"_ivl_3", 26 0, L_0000024e1adb0088;  1 drivers
L_0000024e1adb00d0 .functor BUFT 1, C4<00000000000000000000000000010000>, C4<0>, C4<0>, C4<0>;
v0000024e1ad17400_0 .net/2u *"_ivl_4", 31 0, L_0000024e1adb00d0;  1 drivers
v0000024e1ad174a0_0 .net *"_ivl_8", 31 0, L_0000024e1ad705d0;  1 drivers
v0000024e1ab66b30_0 .net "clk", 0 0, v0000024e1ad6f4f0_0;  alias, 1 drivers
v0000024e1ab66bd0_0 .var "count", 4 0;
v0000024e1ab66c70_0 .net "data_in", 7 0, v0000024e1ad6d4e0_0;  alias, 1 drivers
v0000024e1ad6d260_0 .var "data_out", 7 0;
v0000024e1ad6dbc0_0 .net "empty", 0 0, L_0000024e1ad6fa90;  alias, 1 drivers
v0000024e1ad6d080_0 .net "full", 0 0, L_0000024e1ad707b0;  1 drivers
v0000024e1ad6dc60 .array "mem", 15 0, 7 0;
v0000024e1ad6de40_0 .net "rd_en", 0 0, L_0000024e1ad708f0;  1 drivers
v0000024e1ad6d8a0_0 .var "rd_ptr", 4 0;
v0000024e1ad6db20_0 .net "rst", 0 0, v0000024e1ad70850_0;  alias, 1 drivers
v0000024e1ad6d6c0_0 .net "wr_en", 0 0, v0000024e1ad6d940_0;  alias, 1 drivers
v0000024e1ad6dd00_0 .var "wr_ptr", 4 0;
E_0000024e1acf2ed0 .event posedge, v0000024e1ad6db20_0, v0000024e1ab66b30_0;
L_0000024e1ad6fdb0 .concat [ 5 27 0 0], v0000024e1ab66bd0_0, L_0000024e1adb0088;
L_0000024e1ad707b0 .cmp/eq 32, L_0000024e1ad6fdb0, L_0000024e1adb00d0;
L_0000024e1ad705d0 .concat [ 5 27 0 0], v0000024e1ab66bd0_0, L_0000024e1adb0118;
L_0000024e1ad6fa90 .cmp/eq 32, L_0000024e1ad705d0, L_0000024e1adb0160;
S_0000024e1ab66e20 .scope module, "rx" "uart_rx" 3 13, 5 1 0, S_0000024e1acf7100;
 .timescale 0 0;
    .port_info 0 /INPUT 1 "clk";
    .port_info 1 /INPUT 1 "rst";
    .port_info 2 /INPUT 1 "rx_serial";
    .port_info 3 /OUTPUT 8 "rx_data";
    .port_info 4 /OUTPUT 1 "rx_done";
P_0000024e1ad6e040 .param/l "CLEANUP" 1 5 14, +C4<00000000000000000000000000000100>;
P_0000024e1ad6e078 .param/l "CLKS_PER_BIT" 0 5 1, +C4<00000000000000000000000001010111>;
P_0000024e1ad6e0b0 .param/l "DATA" 1 5 14, +C4<00000000000000000000000000000010>;
P_0000024e1ad6e0e8 .param/l "IDLE" 1 5 14, +C4<00000000000000000000000000000000>;
P_0000024e1ad6e120 .param/l "START" 1 5 14, +C4<00000000000000000000000000000001>;
P_0000024e1ad6e158 .param/l "STOP" 1 5 14, +C4<00000000000000000000000000000011>;
v0000024e1ad6da80_0 .var "bit_index", 2 0;
v0000024e1ad6df80_0 .net "clk", 0 0, v0000024e1ad6f4f0_0;  alias, 1 drivers
v0000024e1ad6dee0_0 .var "clk_count", 7 0;
v0000024e1ad6d3a0_0 .net "rst", 0 0, v0000024e1ad70850_0;  alias, 1 drivers
v0000024e1ad6d4e0_0 .var "rx_data", 7 0;
v0000024e1ad6d940_0 .var "rx_done", 0 0;
v0000024e1ad6dda0_0 .net "rx_serial", 0 0, v0000024e1ad6f590_0;  alias, 1 drivers
v0000024e1ad6d300_0 .var "state", 2 0;
S_0000024e1ad6f1b0 .scope module, "tx" "uart_tx" 3 32, 6 1 0, S_0000024e1acf7100;
 .timescale 0 0;
    .port_info 0 /INPUT 1 "clk";
    .port_info 1 /INPUT 1 "rst";
    .port_info 2 /INPUT 1 "tx_start";
    .port_info 3 /INPUT 8 "tx_data";
    .port_info 4 /OUTPUT 1 "tx_serial";
    .port_info 5 /OUTPUT 1 "tx_done";
P_0000024e1ad6f340 .param/l "CLEANUP" 1 6 16, +C4<00000000000000000000000000000100>;
P_0000024e1ad6f378 .param/l "CLKS_PER_BIT" 0 6 1, +C4<00000000000000000000000001010111>;
P_0000024e1ad6f3b0 .param/l "DATA" 1 6 16, +C4<00000000000000000000000000000010>;
P_0000024e1ad6f3e8 .param/l "IDLE" 1 6 16, +C4<00000000000000000000000000000000>;
P_0000024e1ad6f420 .param/l "START" 1 6 16, +C4<00000000000000000000000000000001>;
P_0000024e1ad6f458 .param/l "STOP" 1 6 16, +C4<00000000000000000000000000000011>;
v0000024e1ad6d120_0 .var "bit_index", 2 0;
v0000024e1ad6d1c0_0 .net "clk", 0 0, v0000024e1ad6f4f0_0;  alias, 1 drivers
v0000024e1ad6d440_0 .var "clk_count", 7 0;
v0000024e1ad6d580_0 .var "data_reg", 7 0;
v0000024e1ad6d620_0 .net "rst", 0 0, v0000024e1ad70850_0;  alias, 1 drivers
v0000024e1ad6d760_0 .var "state", 2 0;
v0000024e1ad6d800_0 .net "tx_data", 7 0, v0000024e1ad6d260_0;  alias, 1 drivers
v0000024e1ad6d9e0_0 .var "tx_done", 0 0;
v0000024e1ad6fef0_0 .var "tx_serial", 0 0;
v0000024e1ad70e90_0 .net "tx_start", 0 0, L_0000024e1ad70ad0;  1 drivers
    .scope S_0000024e1ab66e20;
T_1 ;
    %wait E_0000024e1acf2ed0;
    %load/vec4 v0000024e1ad6d3a0_0;
    %flag_set/vec4 8;
    %jmp/0xz  T_1.0, 8;
    %pushi/vec4 0, 0, 3;
    %assign/vec4 v0000024e1ad6d300_0, 0;
    %pushi/vec4 0, 0, 8;
    %assign/vec4 v0000024e1ad6dee0_0, 0;
    %pushi/vec4 0, 0, 3;
    %assign/vec4 v0000024e1ad6da80_0, 0;
    %pushi/vec4 0, 0, 1;
    %assign/vec4 v0000024e1ad6d940_0, 0;
    %jmp T_1.1;
T_1.0 ;
    %load/vec4 v0000024e1ad6d300_0;
    %dup/vec4;
    %pushi/vec4 0, 0, 3;
    %cmp/u;
    %jmp/1 T_1.2, 6;
    %dup/vec4;
    %pushi/vec4 1, 0, 3;
    %cmp/u;
    %jmp/1 T_1.3, 6;
    %dup/vec4;
    %pushi/vec4 2, 0, 3;
    %cmp/u;
    %jmp/1 T_1.4, 6;
    %dup/vec4;
    %pushi/vec4 3, 0, 3;
    %cmp/u;
    %jmp/1 T_1.5, 6;
    %dup/vec4;
    %pushi/vec4 4, 0, 3;
    %cmp/u;
    %jmp/1 T_1.6, 6;
    %jmp T_1.7;
T_1.2 ;
    %pushi/vec4 0, 0, 1;
    %assign/vec4 v0000024e1ad6d940_0, 0;
    %load/vec4 v0000024e1ad6dda0_0;
    %pad/u 32;
    %cmpi/e 0, 0, 32;
    %jmp/0xz  T_1.8, 4;
    %pushi/vec4 0, 0, 8;
    %assign/vec4 v0000024e1ad6dee0_0, 0;
    %pushi/vec4 1, 0, 3;
    %assign/vec4 v0000024e1ad6d300_0, 0;
T_1.8 ;
    %jmp T_1.7;
T_1.3 ;
    %load/vec4 v0000024e1ad6dee0_0;
    %pad/u 32;
    %cmpi/e 43, 0, 32;
    %jmp/0xz  T_1.10, 4;
    %load/vec4 v0000024e1ad6dda0_0;
    %pad/u 32;
    %cmpi/e 0, 0, 32;
    %jmp/0xz  T_1.12, 4;
    %pushi/vec4 0, 0, 8;
    %assign/vec4 v0000024e1ad6dee0_0, 0;
    %pushi/vec4 2, 0, 3;
    %assign/vec4 v0000024e1ad6d300_0, 0;
    %jmp T_1.13;
T_1.12 ;
    %pushi/vec4 0, 0, 3;
    %assign/vec4 v0000024e1ad6d300_0, 0;
T_1.13 ;
    %jmp T_1.11;
T_1.10 ;
    %load/vec4 v0000024e1ad6dee0_0;
    %addi 1, 0, 8;
    %assign/vec4 v0000024e1ad6dee0_0, 0;
T_1.11 ;
    %jmp T_1.7;
T_1.4 ;
    %load/vec4 v0000024e1ad6dee0_0;
    %pad/u 32;
    %cmpi/u 86, 0, 32;
    %jmp/0xz  T_1.14, 5;
    %load/vec4 v0000024e1ad6dee0_0;
    %addi 1, 0, 8;
    %assign/vec4 v0000024e1ad6dee0_0, 0;
    %jmp T_1.15;
T_1.14 ;
    %pushi/vec4 0, 0, 8;
    %assign/vec4 v0000024e1ad6dee0_0, 0;
    %load/vec4 v0000024e1ad6dda0_0;
    %ix/load 5, 0, 0;
    %ix/getv 4, v0000024e1ad6da80_0;
    %assign/vec4/off/d v0000024e1ad6d4e0_0, 4, 5;
    %load/vec4 v0000024e1ad6da80_0;
    %pad/u 32;
    %cmpi/u 7, 0, 32;
    %jmp/0xz  T_1.16, 5;
    %load/vec4 v0000024e1ad6da80_0;
    %addi 1, 0, 3;
    %assign/vec4 v0000024e1ad6da80_0, 0;
    %jmp T_1.17;
T_1.16 ;
    %pushi/vec4 0, 0, 3;
    %assign/vec4 v0000024e1ad6da80_0, 0;
    %pushi/vec4 3, 0, 3;
    %assign/vec4 v0000024e1ad6d300_0, 0;
T_1.17 ;
T_1.15 ;
    %jmp T_1.7;
T_1.5 ;
    %load/vec4 v0000024e1ad6dee0_0;
    %pad/u 32;
    %cmpi/u 86, 0, 32;
    %jmp/0xz  T_1.18, 5;
    %load/vec4 v0000024e1ad6dee0_0;
    %addi 1, 0, 8;
    %assign/vec4 v0000024e1ad6dee0_0, 0;
    %jmp T_1.19;
T_1.18 ;
    %pushi/vec4 1, 0, 1;
    %assign/vec4 v0000024e1ad6d940_0, 0;
    %pushi/vec4 0, 0, 8;
    %assign/vec4 v0000024e1ad6dee0_0, 0;
    %pushi/vec4 4, 0, 3;
    %assign/vec4 v0000024e1ad6d300_0, 0;
T_1.19 ;
    %jmp T_1.7;
T_1.6 ;
    %pushi/vec4 0, 0, 3;
    %assign/vec4 v0000024e1ad6d300_0, 0;
    %pushi/vec4 0, 0, 1;
    %assign/vec4 v0000024e1ad6d940_0, 0;
    %jmp T_1.7;
T_1.7 ;
    %pop/vec4 1;
T_1.1 ;
    %jmp T_1;
    .thread T_1;
    .scope S_0000024e1ad17130;
T_2 ;
    %wait E_0000024e1acf2ed0;
    %load/vec4 v0000024e1ad6db20_0;
    %flag_set/vec4 8;
    %jmp/0xz  T_2.0, 8;
    %pushi/vec4 0, 0, 5;
    %assign/vec4 v0000024e1ad6dd00_0, 0;
    %pushi/vec4 0, 0, 5;
    %assign/vec4 v0000024e1ad6d8a0_0, 0;
    %pushi/vec4 0, 0, 5;
    %assign/vec4 v0000024e1ab66bd0_0, 0;
    %jmp T_2.1;
T_2.0 ;
    %load/vec4 v0000024e1ad6d6c0_0;
    %flag_set/vec4 9;
    %flag_get/vec4 9;
    %jmp/0 T_2.4, 9;
    %load/vec4 v0000024e1ad6d080_0;
    %nor/r;
    %and;
T_2.4;
    %flag_set/vec4 8;
    %jmp/0xz  T_2.2, 8;
    %load/vec4 v0000024e1ab66c70_0;
    %load/vec4 v0000024e1ad6dd00_0;
    %pad/u 6;
    %ix/vec4 3;
    %ix/load 4, 0, 0; Constant delay
    %assign/vec4/a/d v0000024e1ad6dc60, 0, 4;
    %load/vec4 v0000024e1ad6dd00_0;
    %addi 1, 0, 5;
    %assign/vec4 v0000024e1ad6dd00_0, 0;
    %load/vec4 v0000024e1ab66bd0_0;
    %addi 1, 0, 5;
    %assign/vec4 v0000024e1ab66bd0_0, 0;
T_2.2 ;
    %load/vec4 v0000024e1ad6de40_0;
    %flag_set/vec4 9;
    %flag_get/vec4 9;
    %jmp/0 T_2.7, 9;
    %load/vec4 v0000024e1ad6dbc0_0;
    %nor/r;
    %and;
T_2.7;
    %flag_set/vec4 8;
    %jmp/0xz  T_2.5, 8;
    %load/vec4 v0000024e1ad6d8a0_0;
    %pad/u 6;
    %ix/vec4 4;
    %load/vec4a v0000024e1ad6dc60, 4;
    %assign/vec4 v0000024e1ad6d260_0, 0;
    %load/vec4 v0000024e1ad6d8a0_0;
    %addi 1, 0, 5;
    %assign/vec4 v0000024e1ad6d8a0_0, 0;
    %load/vec4 v0000024e1ab66bd0_0;
    %subi 1, 0, 5;
    %assign/vec4 v0000024e1ab66bd0_0, 0;
T_2.5 ;
T_2.1 ;
    %jmp T_2;
    .thread T_2;
    .scope S_0000024e1ad6f1b0;
T_3 ;
    %wait E_0000024e1acf2ed0;
    %load/vec4 v0000024e1ad6d620_0;
    %flag_set/vec4 8;
    %jmp/0xz  T_3.0, 8;
    %pushi/vec4 0, 0, 3;
    %assign/vec4 v0000024e1ad6d760_0, 0;
    %pushi/vec4 1, 0, 1;
    %assign/vec4 v0000024e1ad6fef0_0, 0;
    %pushi/vec4 0, 0, 1;
    %assign/vec4 v0000024e1ad6d9e0_0, 0;
    %pushi/vec4 0, 0, 8;
    %assign/vec4 v0000024e1ad6d440_0, 0;
    %pushi/vec4 0, 0, 3;
    %assign/vec4 v0000024e1ad6d120_0, 0;
    %jmp T_3.1;
T_3.0 ;
    %load/vec4 v0000024e1ad6d760_0;
    %dup/vec4;
    %pushi/vec4 0, 0, 3;
    %cmp/u;
    %jmp/1 T_3.2, 6;
    %dup/vec4;
    %pushi/vec4 1, 0, 3;
    %cmp/u;
    %jmp/1 T_3.3, 6;
    %dup/vec4;
    %pushi/vec4 2, 0, 3;
    %cmp/u;
    %jmp/1 T_3.4, 6;
    %dup/vec4;
    %pushi/vec4 3, 0, 3;
    %cmp/u;
    %jmp/1 T_3.5, 6;
    %dup/vec4;
    %pushi/vec4 4, 0, 3;
    %cmp/u;
    %jmp/1 T_3.6, 6;
    %jmp T_3.7;
T_3.2 ;
    %pushi/vec4 1, 0, 1;
    %assign/vec4 v0000024e1ad6fef0_0, 0;
    %pushi/vec4 0, 0, 1;
    %assign/vec4 v0000024e1ad6d9e0_0, 0;
    %load/vec4 v0000024e1ad70e90_0;
    %flag_set/vec4 8;
    %jmp/0xz  T_3.8, 8;
    %load/vec4 v0000024e1ad6d800_0;
    %assign/vec4 v0000024e1ad6d580_0, 0;
    %pushi/vec4 1, 0, 3;
    %assign/vec4 v0000024e1ad6d760_0, 0;
T_3.8 ;
    %jmp T_3.7;
T_3.3 ;
    %pushi/vec4 0, 0, 1;
    %assign/vec4 v0000024e1ad6fef0_0, 0;
    %load/vec4 v0000024e1ad6d440_0;
    %pad/u 32;
    %cmpi/u 86, 0, 32;
    %jmp/0xz  T_3.10, 5;
    %load/vec4 v0000024e1ad6d440_0;
    %addi 1, 0, 8;
    %assign/vec4 v0000024e1ad6d440_0, 0;
    %jmp T_3.11;
T_3.10 ;
    %pushi/vec4 0, 0, 8;
    %assign/vec4 v0000024e1ad6d440_0, 0;
    %pushi/vec4 2, 0, 3;
    %assign/vec4 v0000024e1ad6d760_0, 0;
T_3.11 ;
    %jmp T_3.7;
T_3.4 ;
    %load/vec4 v0000024e1ad6d580_0;
    %load/vec4 v0000024e1ad6d120_0;
    %part/u 1;
    %assign/vec4 v0000024e1ad6fef0_0, 0;
    %load/vec4 v0000024e1ad6d440_0;
    %pad/u 32;
    %cmpi/u 86, 0, 32;
    %jmp/0xz  T_3.12, 5;
    %load/vec4 v0000024e1ad6d440_0;
    %addi 1, 0, 8;
    %assign/vec4 v0000024e1ad6d440_0, 0;
    %jmp T_3.13;
T_3.12 ;
    %pushi/vec4 0, 0, 8;
    %assign/vec4 v0000024e1ad6d440_0, 0;
    %load/vec4 v0000024e1ad6d120_0;
    %pad/u 32;
    %cmpi/u 7, 0, 32;
    %jmp/0xz  T_3.14, 5;
    %load/vec4 v0000024e1ad6d120_0;
    %addi 1, 0, 3;
    %assign/vec4 v0000024e1ad6d120_0, 0;
    %jmp T_3.15;
T_3.14 ;
    %pushi/vec4 0, 0, 3;
    %assign/vec4 v0000024e1ad6d120_0, 0;
    %pushi/vec4 3, 0, 3;
    %assign/vec4 v0000024e1ad6d760_0, 0;
T_3.15 ;
T_3.13 ;
    %jmp T_3.7;
T_3.5 ;
    %pushi/vec4 1, 0, 1;
    %assign/vec4 v0000024e1ad6fef0_0, 0;
    %load/vec4 v0000024e1ad6d440_0;
    %pad/u 32;
    %cmpi/u 86, 0, 32;
    %jmp/0xz  T_3.16, 5;
    %load/vec4 v0000024e1ad6d440_0;
    %addi 1, 0, 8;
    %assign/vec4 v0000024e1ad6d440_0, 0;
    %jmp T_3.17;
T_3.16 ;
    %pushi/vec4 0, 0, 8;
    %assign/vec4 v0000024e1ad6d440_0, 0;
    %pushi/vec4 1, 0, 1;
    %assign/vec4 v0000024e1ad6d9e0_0, 0;
    %pushi/vec4 4, 0, 3;
    %assign/vec4 v0000024e1ad6d760_0, 0;
T_3.17 ;
    %jmp T_3.7;
T_3.6 ;
    %pushi/vec4 0, 0, 3;
    %assign/vec4 v0000024e1ad6d760_0, 0;
    %pushi/vec4 0, 0, 1;
    %assign/vec4 v0000024e1ad6d9e0_0, 0;
    %jmp T_3.7;
T_3.7 ;
    %pop/vec4 1;
T_3.1 ;
    %jmp T_3;
    .thread T_3;
    .scope S_0000024e1acf4200;
T_4 ;
    %pushi/vec4 0, 0, 1;
    %store/vec4 v0000024e1ad6f4f0_0, 0, 1;
    %pushi/vec4 1, 0, 1;
    %store/vec4 v0000024e1ad70850_0, 0, 1;
    %pushi/vec4 1, 0, 1;
    %store/vec4 v0000024e1ad6f590_0, 0, 1;
    %end;
    .thread T_4;
    .scope S_0000024e1acf4200;
T_5 ;
    %delay 5, 0;
    %load/vec4 v0000024e1ad6f4f0_0;
    %inv;
    %store/vec4 v0000024e1ad6f4f0_0, 0, 1;
    %jmp T_5;
    .thread T_5;
    .scope S_0000024e1acf4200;
T_6 ;
    %vpi_call 2 36 "$dumpfile", "wave.vcd" {0 0 0};
    %vpi_call 2 37 "$dumpvars", 32'sb00000000000000000000000000000000, S_0000024e1acf4200 {0 0 0};
    %delay 20, 0;
    %pushi/vec4 0, 0, 1;
    %store/vec4 v0000024e1ad70850_0, 0, 1;
    %pushi/vec4 165, 0, 8;
    %store/vec4 v0000024e1acf4390_0, 0, 8;
    %fork TD_tb.send_byte, S_0000024e1acf6f70;
    %join;
    %delay 2000, 0;
    %pushi/vec4 60, 0, 8;
    %store/vec4 v0000024e1acf4390_0, 0, 8;
    %fork TD_tb.send_byte, S_0000024e1acf6f70;
    %join;
    %delay 5000, 0;
    %vpi_call 2 47 "$finish" {0 0 0};
    %end;
    .thread T_6;
# The file index is used to find the file name in the following table.
:file_names 7;
    "N/A";
    "<interactive>";
    "tb.v";
    "uart_fifo_top.v";
    "fifo.v";
    "uart_rx.v";
    "uart_tx.v";
